[2022-12-03T11:46:06.600] [INFO] default - home page
[2022-12-03T11:47:35.559] [INFO] default - 开始授权 1670039255 

[2022-12-03T11:47:38.816] [INFO] default - 授权结束，用时3秒
[2022-12-03T11:47:38.816] [INFO] default - 开始购买。。。
[2022-12-03T11:47:58.245] [INFO] default - 地址:0x5383689E9b07A872A7eDf65cEB6738b4228E67a7 购买成功 ,当前余额为：195.784799726667764936
[2022-12-03T11:47:58.245] [INFO] default - 当前区块为：25120444
[2022-12-03T11:47:58.343] [INFO] default - 地址:0x845F2385D15A5D7e71f4F8F02A00290383Ed1a5d 购买成功 ,当前余额为：195.817647400209673741
[2022-12-03T11:47:58.344] [INFO] default - 当前区块为：25120445
[2022-12-03T11:47:58.347] [INFO] default - 地址:0x4c60FE942c0a6d896a71Ab2c97C8d3E822571e05 购买成功 ,当前余额为：195.632068077685410038
[2022-12-03T11:47:58.348] [INFO] default - 当前区块为：25120445
[2022-12-03T11:47:58.349] [INFO] default - 地址:0x02A8B7C500743BBD99C4A421aa07C600b94226bA 购买成功 ,当前余额为：195.658862093840147936
[2022-12-03T11:47:58.349] [INFO] default - 当前区块为：25120445
[2022-12-03T11:47:58.350] [INFO] default - 地址:0x9Cf13eEA8168B5b9D4552056B327Ba74e720a846 购买成功 ,当前余额为：195.692368699769812347
[2022-12-03T11:47:58.350] [INFO] default - 当前区块为：25120445
[2022-12-03T11:47:58.352] [INFO] default - 地址:0xa9F8dfe2b4e1c3D62CcFefc13dCFC70eF18f1415 购买成功 ,当前余额为：195.665363787740083504
[2022-12-03T11:47:58.352] [INFO] default - 当前区块为：25120445
[2022-12-03T11:47:58.379] [INFO] default - 地址:0x66DB9Cd2C698D4a13af26b54EF06ff3BF8345E9A 购买成功 ,当前余额为：195.591105338443613516
[2022-12-03T11:47:58.379] [INFO] default - 当前区块为：25120444
[2022-12-03T11:47:58.382] [INFO] default - 地址:0x64391505552c796ad5a5b32FD235CA0d170988B3 购买成功 ,当前余额为：195.729320472765664751
[2022-12-03T11:47:58.382] [INFO] default - 当前区块为：25120445
[2022-12-03T11:47:58.405] [INFO] default - 地址:0x3Cb189C2FCfb07A522e10C2Ea15aC5a30AaaA04a 购买成功 ,当前余额为：195.547026403895108
[2022-12-03T11:47:58.405] [INFO] default - 当前区块为：25120445
[2022-12-03T11:47:58.411] [INFO] default - 地址:0x3b39719338b7977345335e23629B5899CFDd4580 购买成功 ,当前余额为：195.837481050796926476
[2022-12-03T11:47:58.411] [INFO] default - 当前区块为：25120445
[2022-12-03T11:47:58.429] [INFO] default - 地址:0xaE15F1408CEFeE85425dd742e38b60d85e2b705C 购买成功 ,当前余额为：175.783295556294081059
[2022-12-03T11:47:58.429] [INFO] default - 当前区块为：25120445
[2022-12-03T11:47:58.458] [INFO] default - 地址:0x15E8c2055B00631d268c8916773CcEb76fd54F1D 购买成功 ,当前余额为：195.78934335712471072
[2022-12-03T11:47:58.458] [INFO] default - 当前区块为：25120445
[2022-12-03T11:47:58.481] [INFO] default - 地址:0x8E004a71829739eD7e905B98F34411aC557eC6Cc 购买成功 ,当前余额为：195.740848061573054608
[2022-12-03T11:47:58.481] [INFO] default - 当前区块为：25120445
[2022-12-03T11:47:58.524] [INFO] default - 地址:0x55CCE9Aff7aB05FBE0a1c3338DEE660b03b11645 购买成功 ,当前余额为：195.807796699692265148
[2022-12-03T11:47:58.524] [INFO] default - 当前区块为：25120445
[2022-12-03T11:47:58.593] [INFO] default - 地址:0xdb4BAf1c8bbFaB1E0c618FbA3274F4a758b07892 购买成功 ,当前余额为：195.813299757680988721
[2022-12-03T11:47:58.593] [INFO] default - 当前区块为：25120445
[2022-12-03T11:47:58.616] [INFO] default - 地址:0x811df90605a6a498f55096cbEa51671FBB49E69A 购买成功 ,当前余额为：195.740987997259021378
[2022-12-03T11:47:58.616] [INFO] default - 当前区块为：25120445
[2022-12-03T11:47:58.733] [INFO] default - 地址:0x63DD5f1a2060F5e5CF88bd551e3CD45D292658A6 购买成功 ,当前余额为：195.865224650393619537
[2022-12-03T11:47:58.734] [INFO] default - 当前区块为：25120445
[2022-12-03T11:47:58.762] [INFO] default - 地址:0x0286E4092d5833963AB0895c496770c2baB683FE 购买成功 ,当前余额为：195.848336424369718798
[2022-12-03T11:47:58.762] [INFO] default - 当前区块为：25120445
[2022-12-03T11:47:58.931] [INFO] default - 地址:0xC910ce3327242Ed0749ddC06b2D920dac56B1627 购买成功 ,当前余额为：195.771139985321264848
[2022-12-03T11:47:58.931] [INFO] default - 当前区块为：25120445
[2022-12-03T11:47:59.391] [INFO] default - 地址:0xD92FDB4103394735676fE556ecB711bF4F6BEc8f 购买成功 ,当前余额为：176.307906769995326217
[2022-12-03T11:47:59.391] [INFO] default - 当前区块为：25120444
[2022-12-03T11:47:59.391] [INFO] default - 购买结束，用时21秒
[2022-12-03T12:27:53.563] [INFO] default - 开始授权 1670041673 
[2022-12-03T12:27:53.570] [INFO] default - 授权结束，用时0秒
[2022-12-03T12:27:53.570] [INFO] default - 开始购买。。。
[2022-12-03T12:27:53.570] [INFO] default - 购买结束，用时0秒
[2022-12-03T12:28:14.422] [INFO] default - 地址:0x55CCE9Aff7aB05FBE0a1c3338DEE660b03b11645 购买成功 ,当前余额为：214.995366508994039564
[2022-12-03T12:28:14.423] [INFO] default - 当前区块为：25121250
[2022-12-03T12:28:14.451] [INFO] default - 地址:0xD92FDB4103394735676fE556ecB711bF4F6BEc8f 购买成功 ,当前余额为：195.487961406451974245
[2022-12-03T12:28:14.451] [INFO] default - 当前区块为：25121250
[2022-12-03T12:28:14.699] [INFO] default - 地址:0x02A8B7C500743BBD99C4A421aa07C600b94226bA 购买成功 ,当前余额为：214.778954026021801836
[2022-12-03T12:28:14.699] [INFO] default - 当前区块为：25121250
[2022-12-03T12:28:18.038] [INFO] default - 地址:0x9Cf13eEA8168B5b9D4552056B327Ba74e720a846 购买成功 ,当前余额为：214.868667405943651304
[2022-12-03T12:28:18.038] [INFO] default - 当前区块为：25121251
[2022-12-03T12:28:18.234] [INFO] default - 地址:0xaE15F1408CEFeE85425dd742e38b60d85e2b705C 购买成功 ,当前余额为：194.974624609023879101
[2022-12-03T12:28:18.235] [INFO] default - 当前区块为：25121251
[2022-12-03T12:28:18.258] [INFO] default - 地址:0x3Cb189C2FCfb07A522e10C2Ea15aC5a30AaaA04a 购买成功 ,当前余额为：214.68208261403304427
[2022-12-03T12:28:18.258] [INFO] default - 当前区块为：25121251
[2022-12-03T12:28:18.266] [INFO] default - 地址:0x3b39719338b7977345335e23629B5899CFDd4580 购买成功 ,当前余额为：215.002518585491568081
[2022-12-03T12:28:18.266] [INFO] default - 当前区块为：25121251
[2022-12-03T12:28:18.291] [INFO] default - 地址:0x8E004a71829739eD7e905B98F34411aC557eC6Cc 购买成功 ,当前余额为：214.887139015785791599
[2022-12-03T12:28:18.291] [INFO] default - 当前区块为：25121251
[2022-12-03T12:28:18.298] [INFO] default - 地址:0xa9F8dfe2b4e1c3D62CcFefc13dCFC70eF18f1415 购买成功 ,当前余额为：214.819150070937249427
[2022-12-03T12:28:18.298] [INFO] default - 当前区块为：25121251
[2022-12-03T12:28:18.304] [INFO] default - 地址:0x0286E4092d5833963AB0895c496770c2baB683FE 购买成功 ,当前余额为：215.032148095058096275
[2022-12-03T12:28:18.304] [INFO] default - 当前区块为：25121251
[2022-12-03T12:28:18.401] [INFO] default - 地址:0x15E8c2055B00631d268c8916773CcEb76fd54F1D 购买成功 ,当前余额为：214.939381425582380324
[2022-12-03T12:28:18.401] [INFO] default - 当前区块为：25121251
[2022-12-03T12:28:18.402] [INFO] default - 地址:0x66DB9Cd2C698D4a13af26b54EF06ff3BF8345E9A 购买成功 ,当前余额为：214.759895494168666714
[2022-12-03T12:28:18.402] [INFO] default - 当前区块为：25121251
[2022-12-03T12:28:18.402] [INFO] default - 地址:0x811df90605a6a498f55096cbEa51671FBB49E69A 购买成功 ,当前余额为：214.913531876666436495
[2022-12-03T12:28:18.402] [INFO] default - 当前区块为：25121251
[2022-12-03T12:28:18.403] [INFO] default - 地址:0x845F2385D15A5D7e71f4F8F02A00290383Ed1a5d 购买成功 ,当前余额为：214.941478755226145471
[2022-12-03T12:28:18.403] [INFO] default - 当前区块为：25121251
[2022-12-03T12:28:18.403] [INFO] default - 地址:0xC910ce3327242Ed0749ddC06b2D920dac56B1627 购买成功 ,当前余额为：214.898711860655634072
[2022-12-03T12:28:18.403] [INFO] default - 当前区块为：25121251
[2022-12-03T12:28:19.301] [INFO] default - 地址:0xdb4BAf1c8bbFaB1E0c618FbA3274F4a758b07892 购买成功 ,当前余额为：214.974585773565269053
[2022-12-03T12:28:19.301] [INFO] default - 当前区块为：25121251
[2022-12-03T12:28:19.658] [INFO] default - 地址:0x64391505552c796ad5a5b32FD235CA0d170988B3 购买成功 ,当前余额为：214.860633966330591844
[2022-12-03T12:28:19.659] [INFO] default - 当前区块为：25121251
[2022-12-03T12:28:19.841] [INFO] default - 地址:0x5383689E9b07A872A7eDf65cEB6738b4228E67a7 购买成功 ,当前余额为：214.927344666699289098
[2022-12-03T12:28:19.841] [INFO] default - 当前区块为：25121251
[2022-12-03T12:28:19.842] [INFO] default - 地址:0x63DD5f1a2060F5e5CF88bd551e3CD45D292658A6 购买成功 ,当前余额为：215.004024675877017577
[2022-12-03T12:28:19.842] [INFO] default - 当前区块为：25121251
[2022-12-03T12:28:20.259] [INFO] default - 地址:0x4c60FE942c0a6d896a71Ab2c97C8d3E822571e05 购买成功 ,当前余额为：214.789603676547690876
[2022-12-03T12:28:20.259] [INFO] default - 当前区块为：25121251
[2022-12-03T12:41:55.482] [INFO] default - 开始授权 1670042515 
[2022-12-03T12:42:50.660] [INFO] default - 开始授权 1670042570 
[2022-12-03T12:43:11.602] [INFO] default - 地址:0xaE15F1408CEFeE85425dd742e38b60d85e2b705C 购买成功 ,当前余额为：233.07710635815360763
[2022-12-03T12:43:11.602] [INFO] default - 当前区块为：25121549
[2022-12-03T12:43:11.838] [INFO] default - 地址:0x9Cf13eEA8168B5b9D4552056B327Ba74e720a846 购买成功 ,当前余额为：252.970966177286953406
[2022-12-03T12:43:11.838] [INFO] default - 当前区块为：25121549
[2022-12-03T12:43:13.383] [INFO] default - 地址:0x66DB9Cd2C698D4a13af26b54EF06ff3BF8345E9A 购买成功 ,当前余额为：252.873343727876936588
[2022-12-03T12:43:13.384] [INFO] default - 当前区块为：25121549
[2022-12-03T12:43:13.772] [INFO] default - 地址:0x0286E4092d5833963AB0895c496770c2baB683FE 购买成功 ,当前余额为：253.119530843920533469
[2022-12-03T12:43:13.772] [INFO] default - 当前区块为：25121549
[2022-12-03T12:43:13.939] [INFO] default - 地址:0x64391505552c796ad5a5b32FD235CA0d170988B3 购买成功 ,当前余额为：252.970412565583495284
[2022-12-03T12:43:13.939] [INFO] default - 当前区块为：25121549
[2022-12-03T12:43:15.429] [INFO] default - 地址:0x811df90605a6a498f55096cbEa51671FBB49E69A 购买成功 ,当前余额为：252.94900229004177497
[2022-12-03T12:43:15.430] [INFO] default - 当前区块为：25121550
[2022-12-03T12:43:15.484] [INFO] default - 地址:0xa9F8dfe2b4e1c3D62CcFefc13dCFC70eF18f1415 购买成功 ,当前余额为：252.902892504996170401
[2022-12-03T12:43:15.485] [INFO] default - 当前区块为：25121550
[2022-12-03T12:43:15.500] [INFO] default - 地址:0x4c60FE942c0a6d896a71Ab2c97C8d3E822571e05 购买成功 ,当前余额为：252.851229733099655445
[2022-12-03T12:43:15.500] [INFO] default - 当前区块为：25121550
[2022-12-03T12:43:15.597] [INFO] default - 地址:0x3b39719338b7977345335e23629B5899CFDd4580 购买成功 ,当前余额为：253.11617605925654485
[2022-12-03T12:43:15.597] [INFO] default - 当前区块为：25121550
[2022-12-03T12:43:15.624] [INFO] default - 地址:0xdb4BAf1c8bbFaB1E0c618FbA3274F4a758b07892 购买成功 ,当前余额为：253.021243658065262958
[2022-12-03T12:43:15.624] [INFO] default - 当前区块为：25121550
[2022-12-03T12:43:15.637] [INFO] default - 地址:0x8E004a71829739eD7e905B98F34411aC557eC6Cc 购买成功 ,当前余额为：252.959923356581099691
[2022-12-03T12:43:15.638] [INFO] default - 当前区块为：25121550
[2022-12-03T12:43:15.647] [INFO] default - 地址:0x15E8c2055B00631d268c8916773CcEb76fd54F1D 购买成功 ,当前余额为：253.075179818223669879
[2022-12-03T12:43:15.647] [INFO] default - 当前区块为：25121550
[2022-12-03T12:43:15.649] [INFO] default - 地址:0x5383689E9b07A872A7eDf65cEB6738b4228E67a7 购买成功 ,当前余额为：253.04090732840530828
[2022-12-03T12:43:15.649] [INFO] default - 当前区块为：25121550
[2022-12-03T12:43:15.650] [INFO] default - 地址:0xD92FDB4103394735676fE556ecB711bF4F6BEc8f 购买成功 ,当前余额为：233.54574054479076885
[2022-12-03T12:43:15.651] [INFO] default - 当前区块为：25121550
[2022-12-03T12:43:15.659] [INFO] default - 地址:0xC910ce3327242Ed0749ddC06b2D920dac56B1627 购买成功 ,当前余额为：252.960129248337809202
[2022-12-03T12:43:15.659] [INFO] default - 当前区块为：25121550
[2022-12-03T12:43:15.671] [INFO] default - 地址:0x55CCE9Aff7aB05FBE0a1c3338DEE660b03b11645 购买成功 ,当前余额为：253.075291275128080025
[2022-12-03T12:43:15.671] [INFO] default - 当前区块为：25121550
[2022-12-03T12:43:16.423] [INFO] default - 地址:0x02A8B7C500743BBD99C4A421aa07C600b94226bA 购买成功 ,当前余额为：252.825543494583302536
[2022-12-03T12:43:16.423] [INFO] default - 当前区块为：25121550
[2022-12-03T12:43:16.446] [INFO] default - 地址:0x63DD5f1a2060F5e5CF88bd551e3CD45D292658A6 购买成功 ,当前余额为：253.091374775792852837
[2022-12-03T12:43:16.446] [INFO] default - 当前区块为：25121550
[2022-12-03T12:43:16.538] [INFO] default - 地址:0x845F2385D15A5D7e71f4F8F02A00290383Ed1a5d 购买成功 ,当前余额为：253.054884487203975804
[2022-12-03T12:43:16.538] [INFO] default - 当前区块为：25121550
[2022-12-03T12:43:17.496] [INFO] default - 地址:0x3Cb189C2FCfb07A522e10C2Ea15aC5a30AaaA04a 购买成功 ,当前余额为：252.806823142953894495
[2022-12-03T12:43:17.496] [INFO] default - 当前区块为：25121550
[2022-12-03T12:43:17.496] [INFO] default - 授权结束，用时27秒
[2022-12-03T12:43:17.497] [INFO] default - 购买结束，用时0秒
[2022-12-03T12:46:51.778] [INFO] default - 开始授权 1670042811 
[2022-12-03T12:48:04.262] [INFO] default - 开始授权 1670042884 
[2022-12-03T12:48:23.391] [INFO] default - 地址:0x845F2385D15A5D7e71f4F8F02A00290383Ed1a5d 购买成功 ,当前余额为：272.015213394849036104
[2022-12-03T12:48:23.393] [INFO] default - 当前区块为：25121652
[2022-12-03T12:48:23.664] [INFO] default - 地址:0x4c60FE942c0a6d896a71Ab2c97C8d3E822571e05 购买成功 ,当前余额为：271.815251275227362673
[2022-12-03T12:48:23.665] [INFO] default - 当前区块为：25121653
[2022-12-03T12:48:24.311] [INFO] default - 地址:0x63DD5f1a2060F5e5CF88bd551e3CD45D292658A6 购买成功 ,当前余额为：272.003797452087421577
[2022-12-03T12:48:24.312] [INFO] default - 当前区块为：25121653
[2022-12-03T12:48:24.314] [INFO] default - 地址:0x8E004a71829739eD7e905B98F34411aC557eC6Cc 购买成功 ,当前余额为：271.864991966555298313
[2022-12-03T12:48:24.314] [INFO] default - 当前区块为：25121653
[2022-12-03T12:48:24.333] [INFO] default - 地址:0xdb4BAf1c8bbFaB1E0c618FbA3274F4a758b07892 购买成功 ,当前余额为：271.929988764738189286
[2022-12-03T12:48:24.333] [INFO] default - 当前区块为：25121653
[2022-12-03T12:48:24.350] [INFO] default - 地址:0x64391505552c796ad5a5b32FD235CA0d170988B3 购买成功 ,当前余额为：271.904923214388732896
[2022-12-03T12:48:24.350] [INFO] default - 当前区块为：25121653
[2022-12-03T12:48:24.708] [INFO] default - 地址:0x66DB9Cd2C698D4a13af26b54EF06ff3BF8345E9A 购买成功 ,当前余额为：271.793124763854121366
[2022-12-03T12:48:24.708] [INFO] default - 当前区块为：25121653
[2022-12-03T12:48:24.892] [INFO] default - 地址:0x02A8B7C500743BBD99C4A421aa07C600b94226bA 购买成功 ,当前余额为：271.771112647974263363
[2022-12-03T12:48:24.892] [INFO] default - 当前区块为：25121653
[2022-12-03T12:48:27.521] [INFO] default - 地址:0x55CCE9Aff7aB05FBE0a1c3338DEE660b03b11645 购买成功 ,当前余额为：271.998753102002040112
[2022-12-03T12:48:27.522] [INFO] default - 当前区块为：25121654
[2022-12-03T12:48:27.682] [INFO] default - 地址:0xaE15F1408CEFeE85425dd742e38b60d85e2b705C 购买成功 ,当前余额为：252.033743710103814469
[2022-12-03T12:48:27.682] [INFO] default - 当前区块为：25121654
[2022-12-03T12:48:27.692] [INFO] default - 地址:0x3b39719338b7977345335e23629B5899CFDd4580 购买成功 ,当前余额为：272.043319751621798555
[2022-12-03T12:48:27.692] [INFO] default - 当前区块为：25121654
[2022-12-03T12:48:27.751] [INFO] default - 地址:0x0286E4092d5833963AB0895c496770c2baB683FE 购买成功 ,当前余额为：272.087246099739132796
[2022-12-03T12:48:27.751] [INFO] default - 当前区块为：25121654
[2022-12-03T12:48:27.851] [INFO] default - 地址:0x9Cf13eEA8168B5b9D4552056B327Ba74e720a846 购买成功 ,当前余额为：271.901792810156428554
[2022-12-03T12:48:27.852] [INFO] default - 当前区块为：25121654
[2022-12-03T12:48:28.037] [INFO] default - 地址:0x811df90605a6a498f55096cbEa51671FBB49E69A 购买成功 ,当前余额为：271.887198030633133064
[2022-12-03T12:48:28.037] [INFO] default - 当前区块为：25121654
[2022-12-03T12:48:28.768] [INFO] default - 地址:0x3Cb189C2FCfb07A522e10C2Ea15aC5a30AaaA04a 购买成功 ,当前余额为：271.722924462210616326
[2022-12-03T12:48:28.768] [INFO] default - 当前区块为：25121654
[2022-12-03T12:48:29.555] [INFO] default - 地址:0x5383689E9b07A872A7eDf65cEB6738b4228E67a7 购买成功 ,当前余额为：271.993854203028208174
[2022-12-03T12:48:29.555] [INFO] default - 当前区块为：25121654
[2022-12-03T12:48:29.753] [INFO] default - 地址:0xa9F8dfe2b4e1c3D62CcFefc13dCFC70eF18f1415 购买成功 ,当前余额为：271.844774413643027913
[2022-12-03T12:48:29.754] [INFO] default - 当前区块为：25121654
[2022-12-03T12:48:29.806] [INFO] default - 地址:0xD92FDB4103394735676fE556ecB711bF4F6BEc8f 购买成功 ,当前余额为：252.494998020033866005
[2022-12-03T12:48:29.807] [INFO] default - 当前区块为：25121654
[2022-12-03T12:48:31.512] [INFO] default - 地址:0x15E8c2055B00631d268c8916773CcEb76fd54F1D 购买成功 ,当前余额为：271.972898651899788653
[2022-12-03T12:48:31.512] [INFO] default - 当前区块为：25121656
[2022-12-03T12:48:32.290] [INFO] default - 地址:0xC910ce3327242Ed0749ddC06b2D920dac56B1627 购买成功 ,当前余额为：271.861522434118801943
[2022-12-03T12:48:32.291] [INFO] default - 当前区块为：25121656
[2022-12-03T12:48:32.291] [INFO] default - 授权结束，用时28秒
[2022-12-03T12:48:32.292] [INFO] default - 购买结束，用时0秒
[2022-12-03T13:32:39.997] [INFO] default - home page
[2022-12-03T13:33:52.226] [INFO] default - home page
[2022-12-03T13:34:06.869] [INFO] default - home page
[2022-12-03T13:34:42.507] [INFO] default - home page
[2022-12-03T13:35:42.136] [INFO] default - home page
[2022-12-03T13:36:32.214] [INFO] default - home page
[2022-12-03T13:36:32.233] [ERROR] default - {
  err: TypeError [ERR_INVALID_URL]: Invalid URL
      at new NodeError (node:internal/errors:371:5)
      at onParseError (node:internal/url:552:9)
      at new URL (node:internal/url:628:5)
      at dispatchHttpRequest (/Users/samzeng/code/node/contract-dex/node_modules/axios/dist/node/axios.cjs:2380:20)
      at new Promise (<anonymous>)
      at http (/Users/samzeng/code/node/contract-dex/node_modules/axios/dist/node/axios.cjs:2316:10)
      at Axios.dispatchRequest (/Users/samzeng/code/node/contract-dex/node_modules/axios/dist/node/axios.cjs:3241:10)
      at Axios.request (/Users/samzeng/code/node/contract-dex/node_modules/axios/dist/node/axios.cjs:3591:33)
      at Axios.<computed> [as get] (/Users/samzeng/code/node/contract-dex/node_modules/axios/dist/node/axios.cjs:3617:17)
      at Function.wrap [as get] (/Users/samzeng/code/node/contract-dex/node_modules/axios/dist/node/axios.cjs:27:15) {
    input: '/index',
    code: 'ERR_INVALID_URL'
  }
}
[2022-12-03T13:57:08.189] [INFO] default - home page
[2022-12-03T13:57:47.724] [INFO] default - home page
[2022-12-03T14:04:15.297] [INFO] default - 开始授权 1670047455 
[2022-12-03T14:04:16.466] [INFO] default - 开始授权 1670047456 
[2022-12-03T14:07:53.670] [INFO] default - 开始授权 1670047673 
[2022-12-03T14:08:44.041] [INFO] default - 开始授权 1670047724 
[2022-12-03T14:09:15.578] [INFO] default - 开始授权 1670047755 
[2022-12-03T14:10:00.073] [INFO] default - 开始授权 1670047800 
[2022-12-03T14:10:07.188] [INFO] default - {
  amountOut: [
    BigNumber { _hex: '0x3635c9adc5dea00000', _isBigNumber: true },
    BigNumber { _hex: '0x01063522536312c9dd', _isBigNumber: true }
  ]
}
[2022-12-03T14:10:07.220] [INFO] default - {
  amountOut: [
    BigNumber { _hex: '0x3635c9adc5dea00000', _isBigNumber: true },
    BigNumber { _hex: '0x01063522536312c9dd', _isBigNumber: true }
  ]
}
[2022-12-03T14:10:07.227] [INFO] default - {
  amountOut: [
    BigNumber { _hex: '0x3635c9adc5dea00000', _isBigNumber: true },
    BigNumber { _hex: '0x01063522536312c9dd', _isBigNumber: true }
  ]
}
[2022-12-03T14:10:07.232] [INFO] default - {
  amountOut: [
    BigNumber { _hex: '0x3635c9adc5dea00000', _isBigNumber: true },
    BigNumber { _hex: '0x01063522536312c9dd', _isBigNumber: true }
  ]
}
[2022-12-03T14:10:07.757] [INFO] default - {
  amountOut: [
    BigNumber { _hex: '0x3635c9adc5dea00000', _isBigNumber: true },
    BigNumber { _hex: '0x01063522536312c9dd', _isBigNumber: true }
  ]
}
[2022-12-03T14:10:07.857] [INFO] default - {
  amountOut: [
    BigNumber { _hex: '0x3635c9adc5dea00000', _isBigNumber: true },
    BigNumber { _hex: '0x01063522536312c9dd', _isBigNumber: true }
  ]
}
[2022-12-03T14:10:07.990] [INFO] default - {
  amountOut: [
    BigNumber { _hex: '0x3635c9adc5dea00000', _isBigNumber: true },
    BigNumber { _hex: '0x01063522536312c9dd', _isBigNumber: true }
  ]
}
[2022-12-03T14:10:08.017] [INFO] default - {
  amountOut: [
    BigNumber { _hex: '0x3635c9adc5dea00000', _isBigNumber: true },
    BigNumber { _hex: '0x01063522536312c9dd', _isBigNumber: true }
  ]
}
[2022-12-03T14:10:08.019] [INFO] default - {
  amountOut: [
    BigNumber { _hex: '0x3635c9adc5dea00000', _isBigNumber: true },
    BigNumber { _hex: '0x01063522536312c9dd', _isBigNumber: true }
  ]
}
[2022-12-03T14:10:08.020] [INFO] default - {
  amountOut: [
    BigNumber { _hex: '0x3635c9adc5dea00000', _isBigNumber: true },
    BigNumber { _hex: '0x01063522536312c9dd', _isBigNumber: true }
  ]
}
[2022-12-03T14:10:08.026] [INFO] default - {
  amountOut: [
    BigNumber { _hex: '0x3635c9adc5dea00000', _isBigNumber: true },
    BigNumber { _hex: '0x01063522536312c9dd', _isBigNumber: true }
  ]
}
[2022-12-03T14:10:08.031] [INFO] default - {
  amountOut: [
    BigNumber { _hex: '0x3635c9adc5dea00000', _isBigNumber: true },
    BigNumber { _hex: '0x01063522536312c9dd', _isBigNumber: true }
  ]
}
[2022-12-03T14:10:08.109] [INFO] default - {
  amountOut: [
    BigNumber { _hex: '0x3635c9adc5dea00000', _isBigNumber: true },
    BigNumber { _hex: '0x01063522536312c9dd', _isBigNumber: true }
  ]
}
[2022-12-03T14:10:08.137] [INFO] default - {
  amountOut: [
    BigNumber { _hex: '0x3635c9adc5dea00000', _isBigNumber: true },
    BigNumber { _hex: '0x01063522536312c9dd', _isBigNumber: true }
  ]
}
[2022-12-03T14:10:08.259] [INFO] default - {
  amountOut: [
    BigNumber { _hex: '0x3635c9adc5dea00000', _isBigNumber: true },
    BigNumber { _hex: '0x01063522536312c9dd', _isBigNumber: true }
  ]
}
[2022-12-03T14:10:08.604] [INFO] default - {
  amountOut: [
    BigNumber { _hex: '0x3635c9adc5dea00000', _isBigNumber: true },
    BigNumber { _hex: '0x01063522536312c9dd', _isBigNumber: true }
  ]
}
[2022-12-03T14:10:09.002] [INFO] default - {
  amountOut: [
    BigNumber { _hex: '0x3635c9adc5dea00000', _isBigNumber: true },
    BigNumber { _hex: '0x01063522536312c9dd', _isBigNumber: true }
  ]
}
[2022-12-03T14:10:09.220] [INFO] default - {
  amountOut: [
    BigNumber { _hex: '0x3635c9adc5dea00000', _isBigNumber: true },
    BigNumber { _hex: '0x01063522536312c9dd', _isBigNumber: true }
  ]
}
[2022-12-03T14:10:10.020] [INFO] default - {
  amountOut: [
    BigNumber { _hex: '0x3635c9adc5dea00000', _isBigNumber: true },
    BigNumber { _hex: '0x01063522536312c9dd', _isBigNumber: true }
  ]
}
[2022-12-03T14:10:10.214] [INFO] default - {
  amountOut: [
    BigNumber { _hex: '0x3635c9adc5dea00000', _isBigNumber: true },
    BigNumber { _hex: '0x01063522536312c9dd', _isBigNumber: true }
  ]
}
[2022-12-03T14:10:23.652] [INFO] default - 地址:0xa9F8dfe2b4e1c3D62CcFefc13dCFC70eF18f1415 购买成功 ,当前余额为：290.720469625207782469
[2022-12-03T14:10:23.652] [INFO] default - 当前区块为：25123292
[2022-12-03T14:10:24.054] [INFO] default - 地址:0x55CCE9Aff7aB05FBE0a1c3338DEE660b03b11645 购买成功 ,当前余额为：290.867115664023213169
[2022-12-03T14:10:24.054] [INFO] default - 当前区块为：25123293
[2022-12-03T14:10:24.631] [INFO] default - 地址:0xD92FDB4103394735676fE556ecB711bF4F6BEc8f 购买成功 ,当前余额为：271.356032205882606806
[2022-12-03T14:10:24.631] [INFO] default - 当前区块为：25123293
[2022-12-03T14:10:24.635] [INFO] default - 地址:0x4c60FE942c0a6d896a71Ab2c97C8d3E822571e05 购买成功 ,当前余额为：290.679949115198534524
[2022-12-03T14:10:24.635] [INFO] default - 当前区块为：25123293
[2022-12-03T14:10:24.659] [INFO] default - 地址:0x3Cb189C2FCfb07A522e10C2Ea15aC5a30AaaA04a 购买成功 ,当前余额为：290.605956600013857472
[2022-12-03T14:10:24.660] [INFO] default - 当前区块为：25123293
[2022-12-03T14:10:24.672] [INFO] default - 地址:0x8E004a71829739eD7e905B98F34411aC557eC6Cc 购买成功 ,当前余额为：290.755365310618919389
[2022-12-03T14:10:24.672] [INFO] default - 当前区块为：25123293
[2022-12-03T14:10:24.688] [INFO] default - 地址:0xdb4BAf1c8bbFaB1E0c618FbA3274F4a758b07892 购买成功 ,当前余额为：290.802017117152100412
[2022-12-03T14:10:24.688] [INFO] default - 当前区块为：25123292
[2022-12-03T14:10:24.925] [INFO] default - 地址:0xC910ce3327242Ed0749ddC06b2D920dac56B1627 购买成功 ,当前余额为：290.748224639841433252
[2022-12-03T14:10:24.925] [INFO] default - 当前区块为：25123293
[2022-12-03T14:10:25.569] [INFO] default - 地址:0x64391505552c796ad5a5b32FD235CA0d170988B3 购买成功 ,当前余额为：290.784286354278006649
[2022-12-03T14:10:25.570] [INFO] default - 当前区块为：25123293
[2022-12-03T14:10:27.268] [INFO] default - 地址:0xaE15F1408CEFeE85425dd742e38b60d85e2b705C 购买成功 ,当前余额为：270.92778926334640413
[2022-12-03T14:10:27.268] [INFO] default - 当前区块为：25123293
[2022-12-03T14:12:27.725] [INFO] default - 开始授权 1670047947 
[2022-12-03T14:12:34.725] [INFO] default - 0:1000.0,1:18.828109287084746144
[2022-12-03T14:12:34.727] [INFO] default - 授权结束，用时7秒
[2022-12-03T14:12:34.728] [INFO] default - 购买结束，用时0秒
[2022-12-03T14:20:37.275] [INFO] default - 开始授权 1670048437 
[2022-12-03T14:20:42.250] [INFO] default - 0:1000.0,1:18.828109287084746144
[2022-12-03T14:25:41.460] [INFO] default - 开始授权 1670048741 
[2022-12-03T14:26:33.857] [INFO] default - 开始授权 1670048793 
[2022-12-03T14:27:16.635] [INFO] default - 开始授权 1670048836 
[2022-12-03T14:28:34.116] [INFO] default - 开始授权 1670048914 
[2022-12-03T14:29:03.865] [INFO] default - 开始授权 1670048943 
[2022-12-03T14:30:22.251] [INFO] default - 开始授权 1670049022 
[2022-12-03T14:32:20.901] [INFO] default - 开始授权 1670049140 
[2022-12-03T14:33:32.623] [INFO] default - 开始授权 1670049212 
[2022-12-03T14:33:35.664] [INFO] default - 开始查询最少购买的数量
[2022-12-03T14:33:35.671] [INFO] default - 开始查询最少购买的数量
[2022-12-03T14:33:35.676] [INFO] default - 开始查询最少购买的数量
[2022-12-03T14:33:35.680] [INFO] default - 开始查询最少购买的数量
[2022-12-03T14:33:35.683] [INFO] default - 开始查询最少购买的数量
[2022-12-03T14:33:35.687] [INFO] default - 开始查询最少购买的数量
[2022-12-03T14:33:35.692] [INFO] default - 开始查询最少购买的数量
[2022-12-03T14:33:35.695] [INFO] default - 开始查询最少购买的数量
[2022-12-03T14:33:35.698] [INFO] default - 开始查询最少购买的数量
[2022-12-03T14:33:35.701] [INFO] default - 开始查询最少购买的数量
[2022-12-03T14:33:35.703] [INFO] default - 开始查询最少购买的数量
[2022-12-03T14:33:35.711] [INFO] default - 开始查询最少购买的数量
[2022-12-03T14:33:35.726] [INFO] default - 开始查询最少购买的数量
[2022-12-03T14:33:35.730] [INFO] default - 开始查询最少购买的数量
[2022-12-03T14:33:35.733] [INFO] default - 开始查询最少购买的数量
[2022-12-03T14:33:35.747] [INFO] default - 开始查询最少购买的数量
[2022-12-03T14:33:35.762] [INFO] default - 开始查询最少购买的数量
[2022-12-03T14:33:36.052] [INFO] default - 开始查询最少购买的数量
[2022-12-03T14:33:36.582] [INFO] default - 开始查询最少购买的数量
[2022-12-03T14:34:15.989] [INFO] default - 开始授权 1670049255 
[2022-12-03T14:34:19.167] [INFO] default - 开始查询最少购买的数量
[2022-12-03T14:34:19.174] [INFO] default - 开始查询最少购买的数量
[2022-12-03T14:34:19.194] [INFO] default - 开始查询最少购买的数量
[2022-12-03T14:34:19.232] [INFO] default - 开始查询最少购买的数量
[2022-12-03T14:34:19.238] [INFO] default - 开始查询最少购买的数量
[2022-12-03T14:34:19.271] [INFO] default - 开始查询最少购买的数量
[2022-12-03T14:34:19.277] [INFO] default - 开始查询最少购买的数量
[2022-12-03T14:34:19.283] [INFO] default - 开始查询最少购买的数量
[2022-12-03T14:34:19.291] [INFO] default - 开始查询最少购买的数量
[2022-12-03T14:34:19.298] [INFO] default - 开始查询最少购买的数量
[2022-12-03T14:34:19.301] [INFO] default - 开始查询最少购买的数量
[2022-12-03T14:34:19.305] [INFO] default - 开始查询最少购买的数量
[2022-12-03T14:34:19.313] [INFO] default - 开始查询最少购买的数量
[2022-12-03T14:34:19.316] [INFO] default - 开始查询最少购买的数量
[2022-12-03T14:34:19.333] [INFO] default - 开始查询最少购买的数量
[2022-12-03T14:34:19.701] [INFO] default - 开始查询最少购买的数量
[2022-12-03T14:34:20.170] [INFO] default - 开始查询最少购买的数量
[2022-12-03T14:34:20.179] [INFO] default - 开始查询最少购买的数量
[2022-12-03T14:34:20.258] [INFO] default - 开始查询最少购买的数量
[2022-12-03T14:34:20.359] [INFO] default - 开始查询最少购买的数量
[2022-12-03T14:34:51.058] [INFO] default - 开始授权 1670049291 
[2022-12-03T14:34:54.171] [INFO] default - 开始查询最少购买的数量
[2022-12-03T14:34:54.190] [INFO] default - 开始查询最少购买的数量
[2022-12-03T14:34:54.201] [INFO] default - 开始查询最少购买的数量
[2022-12-03T14:34:54.206] [INFO] default - 开始查询最少购买的数量
[2022-12-03T14:34:54.306] [INFO] default - 开始查询最少购买的数量
[2022-12-03T14:34:54.310] [INFO] default - 开始查询最少购买的数量
[2022-12-03T14:34:54.313] [INFO] default - 开始查询最少购买的数量
[2022-12-03T14:34:54.316] [INFO] default - 开始查询最少购买的数量
[2022-12-03T14:34:54.318] [INFO] default - 开始查询最少购买的数量
[2022-12-03T14:34:54.320] [INFO] default - 开始查询最少购买的数量
[2022-12-03T14:34:54.323] [INFO] default - 开始查询最少购买的数量
[2022-12-03T14:34:54.364] [INFO] default - 开始查询最少购买的数量
[2022-12-03T14:34:54.385] [INFO] default - 开始查询最少购买的数量
[2022-12-03T14:34:54.695] [INFO] default - 开始查询最少购买的数量
[2022-12-03T14:34:54.962] [INFO] default - 开始查询最少购买的数量
[2022-12-03T14:34:55.097] [INFO] default - 开始查询最少购买的数量
[2022-12-03T14:34:55.117] [INFO] default - 开始查询最少购买的数量
[2022-12-03T14:34:55.123] [INFO] default - 开始查询最少购买的数量
[2022-12-03T14:34:55.131] [INFO] default - 开始查询最少购买的数量
[2022-12-03T14:34:55.497] [INFO] default - 开始查询最少购买的数量
[2022-12-03T14:35:38.459] [INFO] default - 开始授权 1670049338 
[2022-12-03T14:35:41.495] [INFO] default - 开始查询最少购买的数量
[2022-12-03T14:35:41.504] [INFO] default - 开始查询最少购买的数量
[2022-12-03T14:35:41.509] [INFO] default - 开始查询最少购买的数量
[2022-12-03T14:35:41.512] [INFO] default - 开始查询最少购买的数量
[2022-12-03T14:35:41.517] [INFO] default - 开始查询最少购买的数量
[2022-12-03T14:35:41.521] [INFO] default - 开始查询最少购买的数量
[2022-12-03T14:35:41.524] [INFO] default - 开始查询最少购买的数量
[2022-12-03T14:35:41.527] [INFO] default - 开始查询最少购买的数量
[2022-12-03T14:35:41.529] [INFO] default - 开始查询最少购买的数量
[2022-12-03T14:35:41.531] [INFO] default - 开始查询最少购买的数量
[2022-12-03T14:35:41.533] [INFO] default - 开始查询最少购买的数量
[2022-12-03T14:35:41.535] [INFO] default - 开始查询最少购买的数量
[2022-12-03T14:35:41.574] [INFO] default - 开始查询最少购买的数量
[2022-12-03T14:35:41.577] [INFO] default - 开始查询最少购买的数量
[2022-12-03T14:35:41.602] [INFO] default - 开始查询最少购买的数量
[2022-12-03T14:35:42.412] [INFO] default - 开始查询最少购买的数量
[2022-12-03T14:35:42.429] [INFO] default - 开始查询最少购买的数量
[2022-12-03T14:35:42.535] [INFO] default - 开始查询最少购买的数量
[2022-12-03T14:35:42.545] [INFO] default - 开始查询最少购买的数量
[2022-12-03T14:35:43.593] [INFO] default - 开始查询最少购买的数量
[2022-12-03T14:36:20.220] [INFO] default - 开始授权 1670049380 
[2022-12-03T14:36:26.445] [INFO] default - 开始查询最少购买的数量
[2022-12-03T14:36:26.455] [INFO] default - 开始查询最少购买的数量
[2022-12-03T14:36:26.462] [INFO] default - 开始查询最少购买的数量
[2022-12-03T14:36:26.466] [INFO] default - 开始查询最少购买的数量
[2022-12-03T14:36:26.469] [INFO] default - 开始查询最少购买的数量
[2022-12-03T14:36:26.474] [INFO] default - 开始查询最少购买的数量
[2022-12-03T14:36:26.477] [INFO] default - 开始查询最少购买的数量
[2022-12-03T14:36:26.480] [INFO] default - 开始查询最少购买的数量
[2022-12-03T14:36:26.569] [INFO] default - 开始查询最少购买的数量
[2022-12-03T14:36:26.577] [INFO] default - 开始查询最少购买的数量
[2022-12-03T14:36:26.650] [INFO] default - 开始查询最少购买的数量
[2022-12-03T14:36:26.681] [INFO] default - 开始查询最少购买的数量
[2022-12-03T14:36:27.252] [INFO] default - 开始查询最少购买的数量
[2022-12-03T14:36:27.296] [INFO] default - 开始查询最少购买的数量
[2022-12-03T14:36:27.361] [INFO] default - 开始查询最少购买的数量
[2022-12-03T14:36:27.375] [INFO] default - 开始查询最少购买的数量
[2022-12-03T14:36:27.768] [INFO] default - 开始查询最少购买的数量
[2022-12-03T14:36:27.803] [INFO] default - 开始查询最少购买的数量
[2022-12-03T14:36:28.082] [INFO] default - 开始查询最少购买的数量
[2022-12-03T14:36:28.120] [INFO] default - 开始查询最少购买的数量
[2022-12-03T14:36:52.137] [INFO] default - 开始授权 1670049412 
[2022-12-03T14:36:55.286] [INFO] default - 开始查询最少购买的数量
[2022-12-03T14:36:55.293] [INFO] default - 开始查询最少购买的数量
[2022-12-03T14:36:55.299] [INFO] default - 开始查询最少购买的数量
[2022-12-03T14:36:55.303] [INFO] default - 开始查询最少购买的数量
[2022-12-03T14:36:55.306] [INFO] default - 开始查询最少购买的数量
[2022-12-03T14:36:55.308] [INFO] default - 开始查询最少购买的数量
[2022-12-03T14:36:55.311] [INFO] default - 开始查询最少购买的数量
[2022-12-03T14:36:55.314] [INFO] default - 开始查询最少购买的数量
[2022-12-03T14:36:55.316] [INFO] default - 开始查询最少购买的数量
[2022-12-03T14:36:55.318] [INFO] default - 开始查询最少购买的数量
[2022-12-03T14:36:55.320] [INFO] default - 开始查询最少购买的数量
[2022-12-03T14:36:55.322] [INFO] default - 开始查询最少购买的数量
[2022-12-03T14:36:55.324] [INFO] default - 开始查询最少购买的数量
[2022-12-03T14:36:55.326] [INFO] default - 开始查询最少购买的数量
[2022-12-03T14:36:55.330] [INFO] default - 开始查询最少购买的数量
[2022-12-03T14:36:56.000] [INFO] default - 开始查询最少购买的数量
[2022-12-03T14:36:56.191] [INFO] default - 开始查询最少购买的数量
[2022-12-03T14:36:56.205] [INFO] default - 开始查询最少购买的数量
[2022-12-03T14:36:56.571] [INFO] default - 开始查询最少购买的数量
[2022-12-03T14:36:56.672] [INFO] default - 开始查询最少购买的数量
[2022-12-03T14:37:18.189] [INFO] default - 开始授权 1670049438 
[2022-12-03T14:37:22.917] [INFO] default - 开始查询最少购买的数量
[2022-12-03T14:37:22.924] [INFO] default - 开始查询最少购买的数量
[2022-12-03T14:37:22.930] [INFO] default - 开始查询最少购买的数量
[2022-12-03T14:37:22.933] [INFO] default - 开始查询最少购买的数量
[2022-12-03T14:37:22.938] [INFO] default - 开始查询最少购买的数量
[2022-12-03T14:37:22.941] [INFO] default - 开始查询最少购买的数量
[2022-12-03T14:37:22.945] [INFO] default - 开始查询最少购买的数量
[2022-12-03T14:37:22.947] [INFO] default - 开始查询最少购买的数量
[2022-12-03T14:37:22.949] [INFO] default - 开始查询最少购买的数量
[2022-12-03T14:37:22.951] [INFO] default - 开始查询最少购买的数量
[2022-12-03T14:37:22.953] [INFO] default - 开始查询最少购买的数量
[2022-12-03T14:37:22.955] [INFO] default - 开始查询最少购买的数量
[2022-12-03T14:37:22.958] [INFO] default - 开始查询最少购买的数量
[2022-12-03T14:37:22.961] [INFO] default - 开始查询最少购买的数量
[2022-12-03T14:37:22.963] [INFO] default - 开始查询最少购买的数量
[2022-12-03T14:37:22.972] [INFO] default - 开始查询最少购买的数量
[2022-12-03T14:37:22.978] [INFO] default - 开始查询最少购买的数量
[2022-12-03T14:37:23.870] [INFO] default - 开始查询最少购买的数量
[2022-12-03T14:37:23.951] [INFO] default - 开始查询最少购买的数量
[2022-12-03T14:37:23.966] [INFO] default - 开始查询最少购买的数量
[2022-12-03T14:38:31.632] [INFO] default - 开始授权 1670049511 
[2022-12-03T14:38:34.901] [INFO] default - 开始查询最少购买的数量
[2022-12-03T14:38:34.907] [INFO] default - 开始查询最少购买的数量
[2022-12-03T14:38:34.911] [INFO] default - 开始查询最少购买的数量
[2022-12-03T14:38:34.916] [INFO] default - 开始查询最少购买的数量
[2022-12-03T14:38:34.919] [INFO] default - 开始查询最少购买的数量
[2022-12-03T14:38:34.922] [INFO] default - 开始查询最少购买的数量
[2022-12-03T14:38:34.927] [INFO] default - 开始查询最少购买的数量
[2022-12-03T14:38:34.929] [INFO] default - 开始查询最少购买的数量
[2022-12-03T14:38:34.932] [INFO] default - 开始查询最少购买的数量
[2022-12-03T14:38:34.940] [INFO] default - 开始查询最少购买的数量
[2022-12-03T14:38:34.946] [INFO] default - 开始查询最少购买的数量
[2022-12-03T14:38:34.966] [INFO] default - 开始查询最少购买的数量
[2022-12-03T14:38:34.982] [INFO] default - 开始查询最少购买的数量
[2022-12-03T14:38:34.984] [INFO] default - 开始查询最少购买的数量
[2022-12-03T14:38:35.022] [INFO] default - 开始查询最少购买的数量
[2022-12-03T14:38:35.706] [INFO] default - 开始查询最少购买的数量
[2022-12-03T14:38:35.817] [INFO] default - 开始查询最少购买的数量
[2022-12-03T14:38:35.828] [INFO] default - 开始查询最少购买的数量
[2022-12-03T14:38:35.836] [INFO] default - 开始查询最少购买的数量
[2022-12-03T14:38:36.146] [INFO] default - 开始查询最少购买的数量
[2022-12-03T14:39:49.937] [INFO] default - 开始授权 1670049589 
[2022-12-03T14:39:52.742] [INFO] default - 开始查询最少购买的数量
[2022-12-03T14:39:52.754] [INFO] default - 开始查询最少购买的数量
[2022-12-03T14:39:52.758] [INFO] default - 开始查询最少购买的数量
[2022-12-03T14:39:52.763] [INFO] default - 开始查询最少购买的数量
[2022-12-03T14:39:52.765] [INFO] default - 开始查询最少购买的数量
[2022-12-03T14:39:52.770] [INFO] default - 开始查询最少购买的数量
[2022-12-03T14:39:52.772] [INFO] default - 开始查询最少购买的数量
[2022-12-03T14:39:52.783] [INFO] default - 开始查询最少购买的数量
[2022-12-03T14:39:52.786] [INFO] default - 开始查询最少购买的数量
[2022-12-03T14:39:52.809] [INFO] default - 开始查询最少购买的数量
[2022-12-03T14:39:52.855] [INFO] default - 开始查询最少购买的数量
[2022-12-03T14:39:52.863] [INFO] default - 开始查询最少购买的数量
[2022-12-03T14:39:52.890] [INFO] default - 开始查询最少购买的数量
[2022-12-03T14:39:52.894] [INFO] default - 开始查询最少购买的数量
[2022-12-03T14:39:52.922] [INFO] default - 开始查询最少购买的数量
[2022-12-03T14:39:53.146] [INFO] default - 开始查询最少购买的数量
[2022-12-03T14:39:53.566] [INFO] default - 开始查询最少购买的数量
[2022-12-03T14:39:53.613] [INFO] default - 开始查询最少购买的数量
[2022-12-03T14:39:54.243] [INFO] default - 开始查询最少购买的数量
[2022-12-03T14:39:54.595] [INFO] default - 开始查询最少购买的数量
[2022-12-03T14:40:23.933] [INFO] default - 开始授权 1670049623 
[2022-12-03T14:40:27.092] [INFO] default - 开始查询最少购买的数量
[2022-12-03T14:40:27.099] [INFO] default - 开始查询最少购买的数量
[2022-12-03T14:40:27.102] [INFO] default - 开始查询最少购买的数量
[2022-12-03T14:40:27.105] [INFO] default - 开始查询最少购买的数量
[2022-12-03T14:40:27.108] [INFO] default - 开始查询最少购买的数量
[2022-12-03T14:40:27.111] [INFO] default - 开始查询最少购买的数量
[2022-12-03T14:40:27.115] [INFO] default - 开始查询最少购买的数量
[2022-12-03T14:40:27.117] [INFO] default - 开始查询最少购买的数量
[2022-12-03T14:40:27.120] [INFO] default - 开始查询最少购买的数量
[2022-12-03T14:40:27.123] [INFO] default - 开始查询最少购买的数量
[2022-12-03T14:40:27.126] [INFO] default - 开始查询最少购买的数量
[2022-12-03T14:40:27.160] [INFO] default - 开始查询最少购买的数量
[2022-12-03T14:40:27.186] [INFO] default - 开始查询最少购买的数量
[2022-12-03T14:40:27.198] [INFO] default - 开始查询最少购买的数量
[2022-12-03T14:40:27.310] [INFO] default - 开始查询最少购买的数量
[2022-12-03T14:40:27.762] [INFO] default - 开始查询最少购买的数量
[2022-12-03T14:40:27.777] [INFO] default - 开始查询最少购买的数量
[2022-12-03T14:40:27.797] [INFO] default - 开始查询最少购买的数量
[2022-12-03T14:40:27.822] [INFO] default - 开始查询最少购买的数量
[2022-12-03T14:40:28.140] [INFO] default - 开始查询最少购买的数量
[2022-12-03T14:40:29.183] [INFO] default - 最少获得的Token数量为:16.94529836
[2022-12-03T14:40:49.990] [INFO] default - 开始授权 1670049649 
[2022-12-03T14:40:52.921] [INFO] default - 开始查询最少购买的数量
[2022-12-03T14:40:52.926] [INFO] default - 开始查询最少购买的数量
[2022-12-03T14:40:52.932] [INFO] default - 开始查询最少购买的数量
[2022-12-03T14:40:52.935] [INFO] default - 开始查询最少购买的数量
[2022-12-03T14:40:52.938] [INFO] default - 开始查询最少购买的数量
[2022-12-03T14:40:52.942] [INFO] default - 开始查询最少购买的数量
[2022-12-03T14:40:52.945] [INFO] default - 开始查询最少购买的数量
[2022-12-03T14:40:52.948] [INFO] default - 开始查询最少购买的数量
[2022-12-03T14:40:52.952] [INFO] default - 开始查询最少购买的数量
[2022-12-03T14:40:52.954] [INFO] default - 开始查询最少购买的数量
[2022-12-03T14:40:52.984] [INFO] default - 开始查询最少购买的数量
[2022-12-03T14:40:52.996] [INFO] default - 开始查询最少购买的数量
[2022-12-03T14:40:53.035] [INFO] default - 开始查询最少购买的数量
[2022-12-03T14:40:53.096] [INFO] default - 开始查询最少购买的数量
[2022-12-03T14:40:53.114] [INFO] default - 开始查询最少购买的数量
[2022-12-03T14:40:53.751] [INFO] default - 开始查询最少购买的数量
[2022-12-03T14:40:53.757] [INFO] default - 开始查询最少购买的数量
[2022-12-03T14:40:53.795] [INFO] default - 开始查询最少购买的数量
[2022-12-03T14:40:54.643] [INFO] default - 开始查询最少购买的数量
[2022-12-03T14:40:54.726] [INFO] default - 开始查询最少购买的数量
[2022-12-03T14:40:54.893] [INFO] default - 最少获得的Token数量为:16.94529836
[2022-12-03T14:40:55.006] [INFO] default - 最少获得的Token数量为:16.94529836
[2022-12-03T14:40:55.009] [INFO] default - 最少获得的Token数量为:16.94529836
[2022-12-03T14:40:55.032] [INFO] default - 最少获得的Token数量为:16.94529836
[2022-12-03T14:40:55.061] [INFO] default - 最少获得的Token数量为:16.94529836
[2022-12-03T14:40:55.086] [INFO] default - 最少获得的Token数量为:16.94529836
[2022-12-03T14:40:55.165] [INFO] default - 最少获得的Token数量为:16.94529836
[2022-12-03T14:40:55.170] [INFO] default - 最少获得的Token数量为:16.94529836
[2022-12-03T14:40:55.681] [INFO] default - 最少获得的Token数量为:16.94529836
[2022-12-03T14:40:55.699] [INFO] default - 最少获得的Token数量为:16.94529836
[2022-12-03T14:40:55.710] [INFO] default - 最少获得的Token数量为:16.94529836
[2022-12-03T14:40:56.062] [INFO] default - 最少获得的Token数量为:16.94529836
[2022-12-03T14:40:56.558] [INFO] default - 最少获得的Token数量为:16.94529836
[2022-12-03T14:40:56.714] [INFO] default - 最少获得的Token数量为:16.94529836
[2022-12-03T14:40:56.721] [INFO] default - 购买前余额271.771112647974263363
[2022-12-03T14:40:56.826] [INFO] default - 购买前余额271.356032205882606806
[2022-12-03T14:40:57.106] [INFO] default - 购买前余额271.993854203028208174
[2022-12-03T14:40:57.116] [INFO] default - 购买前余额290.720469625207782469
[2022-12-03T14:40:57.193] [INFO] default - 购买前余额290.867115664023213169
[2022-12-03T14:40:57.841] [INFO] default - 购买前余额270.92778926334640413
[2022-12-03T14:40:57.871] [INFO] default - 购买前余额290.846976743357346631
[2022-12-03T14:40:57.883] [INFO] default - 购买前余额290.737211284288434399
[2022-12-03T14:40:58.043] [INFO] default - 购买前余额290.605956600013857472
[2022-12-03T14:40:58.435] [INFO] default - 购买前余额290.893369378520024432
[2022-12-03T14:40:58.543] [INFO] default - 购买前余额290.679949115198534524
[2022-12-03T14:40:58.797] [INFO] default - 最少获得的Token数量为:16.94529836
[2022-12-03T14:40:58.803] [INFO] default - 最少获得的Token数量为:16.94529836
[2022-12-03T14:40:58.827] [INFO] default - 最少获得的Token数量为:16.94529836
[2022-12-03T14:40:58.835] [INFO] default - 最少获得的Token数量为:16.94529836
[2022-12-03T14:40:58.848] [INFO] default - 最少获得的Token数量为:16.94529836
[2022-12-03T14:40:58.943] [INFO] default - 购买前余额290.784286354278006649
[2022-12-03T14:40:59.593] [INFO] default - 购买前余额290.830270251138703523
[2022-12-03T14:40:59.854] [INFO] default - 最少获得的Token数量为:16.94529836
[2022-12-03T14:41:00.517] [INFO] default - 购买前余额290.857507531814352154
[2022-12-03T14:41:00.706] [INFO] default - 购买前余额290.802017117152100412
[2022-12-03T14:41:00.737] [INFO] default - 购买前余额290.755365310618919389
[2022-12-03T14:41:00.754] [INFO] default - 购买前余额290.729929950266546624
[2022-12-03T14:41:01.496] [INFO] default - 购买前余额290.926320764108320779
[2022-12-03T14:41:01.695] [INFO] default - 购买前余额290.748224639841433252
[2022-12-03T14:41:02.617] [INFO] default - 购买前余额290.639515004192561412
[2022-12-03T14:41:14.160] [INFO] default - 购买后余额290.599221935059009507
[2022-12-03T14:41:14.160] [INFO] default - 地址:0x02A8B7C500743BBD99C4A421aa07C600b94226bA 购买成功 ,购买金额为：18.828109287084715
[2022-12-03T14:41:14.160] [INFO] default - 当前区块为：25123909
[2022-12-03T14:41:16.755] [INFO] default - 购买后余额289.74494274723069244
[2022-12-03T14:41:16.755] [INFO] default - 地址:0xaE15F1408CEFeE85425dd742e38b60d85e2b705C 购买成功 ,购买金额为：18.817153483884283
[2022-12-03T14:41:16.756] [INFO] default - 当前区块为：25123910
[2022-12-03T14:41:16.758] [INFO] default - 购买后余额309.536126341652822597
[2022-12-03T14:41:16.759] [INFO] default - 地址:0x9Cf13eEA8168B5b9D4552056B327Ba74e720a846 购买成功 ,购买金额为：18.79891505736441
[2022-12-03T14:41:16.759] [INFO] default - 当前区块为：25123910
[2022-12-03T14:41:16.766] [INFO] default - 购买后余额290.169535881014306211
[2022-12-03T14:41:16.766] [INFO] default - 地址:0xD92FDB4103394735676fE556ecB711bF4F6BEc8f 购买成功 ,购买金额为：18.8135036751317
[2022-12-03T14:41:16.766] [INFO] default - 当前区块为：25123910
[2022-12-03T14:41:17.437] [INFO] default - 购买后余额309.408517220057524914
[2022-12-03T14:41:17.438] [INFO] default - 地址:0x3Cb189C2FCfb07A522e10C2Ea15aC5a30AaaA04a 购买成功 ,购买金额为：18.802560620043664
[2022-12-03T14:41:17.438] [INFO] default - 当前区块为：25123910
[2022-12-03T14:41:18.533] [INFO] default - 购买后余额309.530324553723251397
[2022-12-03T14:41:18.535] [INFO] default - 地址:0xa9F8dfe2b4e1c3D62CcFefc13dCFC70eF18f1415 购买成功 ,购买金额为：18.80985492851545
[2022-12-03T14:41:18.535] [INFO] default - 当前区块为：25123911
[2022-12-03T14:42:53.674] [INFO] default - 开始购买
[2022-12-03T14:42:56.717] [INFO] default - 开始查询最少购买的数量
[2022-12-03T14:42:56.726] [INFO] default - 开始查询最少购买的数量
[2022-12-03T14:42:56.731] [INFO] default - 开始查询最少购买的数量
[2022-12-03T14:42:56.734] [INFO] default - 开始查询最少购买的数量
[2022-12-03T14:42:56.740] [INFO] default - 开始查询最少购买的数量
[2022-12-03T14:42:56.745] [INFO] default - 开始查询最少购买的数量
[2022-12-03T14:42:56.748] [INFO] default - 开始查询最少购买的数量
[2022-12-03T14:42:56.750] [INFO] default - 开始查询最少购买的数量
[2022-12-03T14:42:56.753] [INFO] default - 开始查询最少购买的数量
[2022-12-03T14:42:56.779] [INFO] default - 开始查询最少购买的数量
[2022-12-03T14:42:56.793] [INFO] default - 开始查询最少购买的数量
[2022-12-03T14:42:56.799] [INFO] default - 开始查询最少购买的数量
[2022-12-03T14:42:56.811] [INFO] default - 开始查询最少购买的数量
[2022-12-03T14:42:56.814] [INFO] default - 开始查询最少购买的数量
[2022-12-03T14:42:56.827] [INFO] default - 开始查询最少购买的数量
[2022-12-03T14:42:57.708] [INFO] default - 开始查询最少购买的数量
[2022-12-03T14:42:57.754] [INFO] default - 开始查询最少购买的数量
[2022-12-03T14:42:57.782] [INFO] default - 开始查询最少购买的数量
[2022-12-03T14:42:58.485] [INFO] default - 开始查询最少购买的数量
[2022-12-03T14:42:58.634] [INFO] default - 最少获得的Token数量为:16.90590907
[2022-12-03T14:42:58.738] [INFO] default - 最少获得的Token数量为:16.90590907
[2022-12-03T14:42:58.743] [INFO] default - 最少获得的Token数量为:16.90590907
[2022-12-03T14:42:58.749] [INFO] default - 最少获得的Token数量为:16.90590907
[2022-12-03T14:42:58.750] [INFO] default - 最少获得的Token数量为:16.90590907
[2022-12-03T14:42:58.753] [INFO] default - 最少获得的Token数量为:16.90590907
[2022-12-03T14:42:58.756] [INFO] default - 最少获得的Token数量为:16.90590907
[2022-12-03T14:42:58.757] [INFO] default - 最少获得的Token数量为:16.90590907
[2022-12-03T14:42:58.764] [INFO] default - 最少获得的Token数量为:16.90590907
[2022-12-03T14:42:58.770] [INFO] default - 最少获得的Token数量为:16.90590907
[2022-12-03T14:42:59.610] [INFO] default - 最少获得的Token数量为:16.90590907
[2022-12-03T14:42:59.642] [INFO] default - 开始查询最少购买的数量
[2022-12-03T14:42:59.686] [INFO] default - 最少获得的Token数量为:16.90590907
[2022-12-03T14:42:59.840] [INFO] default - 最少获得的Token数量为:16.90590907
[2022-12-03T14:42:59.845] [INFO] default - 最少获得的Token数量为:16.90590907
[2022-12-03T14:43:00.433] [INFO] default - 最少获得的Token数量为:16.90590907
[2022-12-03T14:43:00.475] [INFO] default - 最少获得的Token数量为:16.90590907
[2022-12-03T14:43:00.490] [INFO] default - 地址0x15E8c2055B00631d268c8916773CcEb76fd54F1D购买前余额290.830270251138703523
[2022-12-03T14:43:00.554] [INFO] default - 地址0x811df90605a6a498f55096cbEa51671FBB49E69A购买前余额290.729929950266546624
[2022-12-03T14:43:00.557] [INFO] default - 地址0x64391505552c796ad5a5b32FD235CA0d170988B3购买前余额290.784286354278006649
[2022-12-03T14:43:00.559] [INFO] default - 最少获得的Token数量为:16.90590907
[2022-12-03T14:43:00.676] [INFO] default - 最少获得的Token数量为:16.90590907
[2022-12-03T14:43:00.734] [INFO] default - 地址0x4c60FE942c0a6d896a71Ab2c97C8d3E822571e05购买前余额309.48615635882197747
[2022-12-03T14:43:00.738] [INFO] default - 地址0x5383689E9b07A872A7eDf65cEB6738b4228E67a7购买前余额290.814658558213797786
[2022-12-03T14:43:00.742] [INFO] default - 地址0x3b39719338b7977345335e23629B5899CFDd4580购买前余额309.684996491581324365
[2022-12-03T14:43:01.577] [INFO] default - 地址0x9Cf13eEA8168B5b9D4552056B327Ba74e720a846购买前余额309.536126341652822597
[2022-12-03T14:43:01.610] [INFO] default - 最少获得的Token数量为:16.90590907
[2022-12-03T14:43:01.647] [INFO] default - 地址0x3Cb189C2FCfb07A522e10C2Ea15aC5a30AaaA04a购买前余额309.408517220057524914
[2022-12-03T14:43:01.702] [INFO] default - 地址0x55CCE9Aff7aB05FBE0a1c3338DEE660b03b11645购买前余额309.691571953471370597
[2022-12-03T14:43:01.734] [INFO] default - 地址0x845F2385D15A5D7e71f4F8F02A00290383Ed1a5d购买前余额309.642247298531397314
[2022-12-03T14:43:01.780] [INFO] default - 地址0x66DB9Cd2C698D4a13af26b54EF06ff3BF8345E9A购买前余额290.639515004192561412
[2022-12-03T14:43:01.883] [INFO] default - 地址0xC910ce3327242Ed0749ddC06b2D920dac56B1627购买前余额290.748224639841433252
[2022-12-03T14:43:01.887] [INFO] default - 地址0x02A8B7C500743BBD99C4A421aa07C600b94226bA购买前余额290.599221935059009507
[2022-12-03T14:43:01.890] [INFO] default - 地址0x8E004a71829739eD7e905B98F34411aC557eC6Cc购买前余额290.755365310618919389
[2022-12-03T14:43:02.329] [INFO] default - 地址0xaE15F1408CEFeE85425dd742e38b60d85e2b705C购买前余额289.74494274723069244
[2022-12-03T14:43:02.405] [INFO] default - 地址0xdb4BAf1c8bbFaB1E0c618FbA3274F4a758b07892购买前余额309.590001847767080849
[2022-12-03T14:43:03.437] [INFO] default - 地址0x0286E4092d5833963AB0895c496770c2baB683FE购买前余额290.926320764108320779
[2022-12-03T14:43:03.597] [INFO] default - 最少获得的Token数量为:16.90590907
[2022-12-03T14:43:04.527] [INFO] default - 地址0x63DD5f1a2060F5e5CF88bd551e3CD45D292658A6购买前余额290.857507531814352154
[2022-12-03T14:43:05.483] [INFO] default - 地址0xa9F8dfe2b4e1c3D62CcFefc13dCFC70eF18f1415购买前余额309.530324553723251397
[2022-12-03T14:43:06.140] [INFO] default - 地址0xD92FDB4103394735676fE556ecB711bF4F6BEc8f购买前余额290.169535881014306211
[2022-12-03T14:43:20.644] [INFO] default - 地址0x55CCE9Aff7aB05FBE0a1c3338DEE660b03b11645购买后余额328.454089643126958042
[2022-12-03T14:43:20.645] [INFO] default - 地址:0x55CCE9Aff7aB05FBE0a1c3338DEE660b03b11645 购买成功 ,购买金额为：18.762517689655567
[2022-12-03T14:43:20.645] [INFO] default - 当前区块为：25123952
[2022-12-03T14:43:20.657] [INFO] default - 地址0x64391505552c796ad5a5b32FD235CA0d170988B3购买后余额309.557712143555885728
[2022-12-03T14:43:20.658] [INFO] default - 地址:0x64391505552c796ad5a5b32FD235CA0d170988B3 购买成功 ,购买金额为：18.773425789277894
[2022-12-03T14:43:20.658] [INFO] default - 当前区块为：25123952
[2022-12-03T14:43:20.662] [INFO] default - 地址0x5383689E9b07A872A7eDf65cEB6738b4228E67a7购买后余额309.584447257217153666
[2022-12-03T14:43:20.666] [INFO] default - 地址:0x5383689E9b07A872A7eDf65cEB6738b4228E67a7 购买成功 ,购买金额为：18.769788699003357
[2022-12-03T14:43:20.666] [INFO] default - 当前区块为：25123952
[2022-12-03T14:43:21.678] [INFO] default - 地址0x3b39719338b7977345335e23629B5899CFDd4580购买后余额328.465699634659334087
[2022-12-03T14:43:21.679] [INFO] default - 地址:0x3b39719338b7977345335e23629B5899CFDd4580 购买成功 ,购买金额为：18.78070314307803
[2022-12-03T14:43:21.679] [INFO] default - 当前区块为：25123952
[2022-12-03T14:43:21.691] [INFO] default - 地址0x4c60FE942c0a6d896a71Ab2c97C8d3E822571e05购买后余额328.270499766246113488
[2022-12-03T14:43:21.691] [INFO] default - 地址:0x4c60FE942c0a6d896a71Ab2c97C8d3E822571e05 购买成功 ,购买金额为：18.78434340742416
[2022-12-03T14:43:21.691] [INFO] default - 当前区块为：25123952
[2022-12-03T14:43:22.045] [INFO] default - 地址0x3Cb189C2FCfb07A522e10C2Ea15aC5a30AaaA04a购买后余额328.167400989820540466
[2022-12-03T14:43:22.046] [INFO] default - 地址:0x3Cb189C2FCfb07A522e10C2Ea15aC5a30AaaA04a 购买成功 ,购买金额为：18.758883769762974
[2022-12-03T14:43:22.046] [INFO] default - 当前区块为：25123952
[2022-12-03T14:43:23.049] [INFO] default - 地址0xC910ce3327242Ed0749ddC06b2D920dac56B1627购买后余额309.503475545686864784
[2022-12-03T14:43:23.050] [INFO] default - 地址:0xC910ce3327242Ed0749ddC06b2D920dac56B1627 购买成功 ,购买金额为：18.7552509058454
[2022-12-03T14:43:23.050] [INFO] default - 当前区块为：25123952
[2022-12-03T14:43:25.345] [INFO] default - 地址0x15E8c2055B00631d268c8916773CcEb76fd54F1D购买后余额309.596422917071216389
[2022-12-03T14:43:25.346] [INFO] default - 地址:0x15E8c2055B00631d268c8916773CcEb76fd54F1D 购买成功 ,购买金额为：18.76615266593251
[2022-12-03T14:43:25.346] [INFO] default - 当前区块为：25123954
[2022-12-03T14:43:25.349] [INFO] default - 地址0x02A8B7C500743BBD99C4A421aa07C600b94226bA购买后余额309.332697809974176229
[2022-12-03T14:43:25.350] [INFO] default - 地址:0x02A8B7C500743BBD99C4A421aa07C600b94226bA 购买成功 ,购买金额为：18.733475874915143
[2022-12-03T14:43:25.350] [INFO] default - 当前区块为：25123954
[2022-12-03T14:43:25.351] [INFO] default - 地址0x0286E4092d5833963AB0895c496770c2baB683FE购买后余额309.656171155485222529
[2022-12-03T14:43:25.352] [INFO] default - 地址:0x0286E4092d5833963AB0895c496770c2baB683FE 购买成功 ,购买金额为：18.729850391376885
[2022-12-03T14:43:25.352] [INFO] default - 当前区块为：25123954
[2022-12-03T14:43:25.353] [INFO] default - 地址0x811df90605a6a498f55096cbEa51671FBB49E69A购买后余额309.481549047760214648
[2022-12-03T14:43:25.354] [INFO] default - 地址:0x811df90605a6a498f55096cbEa51671FBB49E69A 购买成功 ,购买金额为：18.751619097493688
[2022-12-03T14:43:25.354] [INFO] default - 当前区块为：25123954
[2022-12-03T14:43:25.355] [INFO] default - 地址0x66DB9Cd2C698D4a13af26b54EF06ff3BF8345E9A购买后余额309.38750334849131726
[2022-12-03T14:43:25.355] [INFO] default - 地址:0x66DB9Cd2C698D4a13af26b54EF06ff3BF8345E9A 购买成功 ,购买金额为：18.747988344298733
[2022-12-03T14:43:25.356] [INFO] default - 当前区块为：25123954
[2022-12-03T14:43:25.358] [INFO] default - 地址0xdb4BAf1c8bbFaB1E0c618FbA3274F4a758b07892购买后余额328.316227808312909212
[2022-12-03T14:43:25.358] [INFO] default - 地址:0xdb4BAf1c8bbFaB1E0c618FbA3274F4a758b07892 购买成功 ,购买金额为：18.726225960545833
[2022-12-03T14:43:25.359] [INFO] default - 当前区块为：25123954
[2022-12-03T14:43:25.360] [INFO] default - 地址0x845F2385D15A5D7e71f4F8F02A00290383Ed1a5d购买后余额328.386605944383321204
[2022-12-03T14:43:25.360] [INFO] default - 地址:0x845F2385D15A5D7e71f4F8F02A00290383Ed1a5d 购买成功 ,购买金额为：18.744358645851946
[2022-12-03T14:43:25.361] [INFO] default - 当前区块为：25123954
[2022-12-03T14:43:26.083] [INFO] default - 地址0x8E004a71829739eD7e905B98F34411aC557eC6Cc购买后余额309.492467722187325187
[2022-12-03T14:43:26.083] [INFO] default - 地址:0x8E004a71829739eD7e905B98F34411aC557eC6Cc 购买成功 ,购买金额为：18.7371024115684
[2022-12-03T14:43:26.083] [INFO] default - 当前区块为：25123954
[2022-12-03T14:43:26.220] [INFO] default - 地址0xa9F8dfe2b4e1c3D62CcFefc13dCFC70eF18f1415购买后余额328.25292713573761282
[2022-12-03T14:43:26.223] [INFO] default - 地址:0xa9F8dfe2b4e1c3D62CcFefc13dCFC70eF18f1415 购买成功 ,购买金额为：18.72260258201436
[2022-12-03T14:43:26.223] [INFO] default - 当前区块为：25123954
[2022-12-03T14:43:29.709] [INFO] default - 地址0xD92FDB4103394735676fE556ecB711bF4F6BEc8f购买后余额308.884894861235198714
[2022-12-03T14:43:29.710] [INFO] default - 地址:0xD92FDB4103394735676fE556ecB711bF4F6BEc8f 购买成功 ,购买金额为：18.715358980220856
[2022-12-03T14:43:29.710] [INFO] default - 当前区块为：25123954
[2022-12-03T14:43:30.858] [INFO] default - 地址0x63DD5f1a2060F5e5CF88bd551e3CD45D292658A6购买后余额309.576487787189465201
[2022-12-03T14:43:30.858] [INFO] default - 地址:0x63DD5f1a2060F5e5CF88bd551e3CD45D292658A6 购买成功 ,购买金额为：18.71898025537513
[2022-12-03T14:43:30.859] [INFO] default - 当前区块为：25123955
[2022-12-03T14:43:30.984] [INFO] default - 地址0x9Cf13eEA8168B5b9D4552056B327Ba74e720a846购买后余额328.276856343397421581
[2022-12-03T14:43:30.985] [INFO] default - 地址:0x9Cf13eEA8168B5b9D4552056B327Ba74e720a846 购买成功 ,购买金额为：18.740730001744566
[2022-12-03T14:43:30.985] [INFO] default - 当前区块为：25123954
[2022-12-03T14:43:32.058] [INFO] default - 地址0xaE15F1408CEFeE85425dd742e38b60d85e2b705C购买后余额308.522006684396736136
[2022-12-03T14:43:32.059] [INFO] default - 地址:0xaE15F1408CEFeE85425dd742e38b60d85e2b705C 购买成功 ,购买金额为：18.77706393716602
[2022-12-03T14:43:32.059] [INFO] default - 当前区块为：25123954
[2022-12-03T14:43:32.060] [INFO] default - 购买结束，用时39秒
[2022-12-03T14:43:32.063] [INFO] default - 购买结束，用时0秒
